#
# A fatal error has been detected by the Java Runtime Environment:
#
#  Internal Error (javaCalls.cpp:51), pid=9616, tid=0x0000000000000a38
#  guarantee(thread->is_Java_thread()) failed: crucial check - the VM thread cannot and must not escape to Java code
#
# JRE version: OpenJDK Runtime Environment (8.0_192-b01) (build 1.8.0_192-b01)
# Java VM: OpenJDK 64-Bit Server VM (25.192-b01 mixed mode windows-amd64 compressed oops)
# Failed to write core dump. Minidumps are not enabled by default on client versions of Windows
#
# If you would like to submit a bug report, please visit:
#   http://www.azulsystems.com/support/
#

---------------  T H R E A D  ---------------

Current thread (0x000000001d725000):  VMThread [stack: 0x000000001fe60000,0x000000001ff60000] [id=2616]

Stack: [0x000000001fe60000,0x000000001ff60000]
[error occurred during error reporting (printing stack bounds), id 0xc0000005]

Native frames: (J=compiled Java code, j=interpreted, Vv=VM code, C=native code)

VM_Operation (0x000000002045f360): GetOrSetLocal, mode: safepoint, requested by thread 0x000000001ee6d800


---------------  P R O C E S S  ---------------

Java Threads: ( => current thread )
  0x000000001f008800 JavaThread "Service Thread" daemon [_thread_blocked, id=3976, stack(0x0000000020a60000,0x0000000020b60000)]
  0x000000001f007800 JavaThread "C1 CompilerThread3" daemon [_thread_blocked, id=9156, stack(0x0000000020960000,0x0000000020a60000)]
  0x000000001ef6f800 JavaThread "C2 CompilerThread2" daemon [_thread_blocked, id=5372, stack(0x0000000020860000,0x0000000020960000)]
  0x000000001eeb2000 JavaThread "C2 CompilerThread1" daemon [_thread_blocked, id=9300, stack(0x0000000020760000,0x0000000020860000)]
  0x000000001effd000 JavaThread "C2 CompilerThread0" daemon [_thread_blocked, id=3104, stack(0x0000000020660000,0x0000000020760000)]
  0x000000001ee82000 JavaThread "JDWP Command Reader" daemon [_thread_in_native, id=1456, stack(0x0000000020560000,0x0000000020660000)]
  0x000000001ee7b000 JavaThread "JDWP Event Helper Thread" daemon [_thread_blocked, id=1700, stack(0x0000000020460000,0x0000000020560000)]
  0x000000001ee6d800 JavaThread "JDWP Transport Listener: dt_socket" daemon [_thread_blocked, id=5224, stack(0x0000000020360000,0x0000000020460000)]
  0x000000001ee65800 JavaThread "Attach Listener" daemon [_thread_blocked, id=9232, stack(0x0000000020260000,0x0000000020360000)]
  0x000000001ee0d800 JavaThread "Signal Dispatcher" daemon [_thread_blocked, id=11096, stack(0x0000000020160000,0x0000000020260000)]
  0x0000000003aad800 JavaThread "Finalizer" daemon [_thread_blocked, id=1288, stack(0x0000000020060000,0x0000000020160000)]
  0x000000001edf3000 JavaThread "Reference Handler" daemon [_thread_blocked, id=4576, stack(0x000000001ff60000,0x0000000020060000)]
  0x00000000039b3000 JavaThread "main" [_thread_blocked, id=5048, stack(0x00000000036d0000,0x00000000037d0000)]

Other Threads:
=>0x000000001d725000 VMThread [stack: 0x000000001fe60000,0x000000001ff60000] [id=2616]
  0x000000001ef72800 WatcherThread [stack: 0x0000000020b60000,0x0000000020c60000] [id=7860]

VM state:at safepoint (normal execution)

VM Mutex/Monitor currently owned by a thread:  ([mutex/lock_event])
[0x00000000036ce440] Threads_lock - owner thread: 0x000000001d725000

heap address: 0x00000006c1000000, size: 4080 MB, Compressed Oops mode: Zero based, Oop shift amount: 3
Narrow klass base: 0x0000000000000000, Narrow klass shift: 3
Compressed class space size: 1073741824 Address: 0x00000007c0000000

Heap:
 PSYoungGen      total 76288K, used 7954K [0x000000076b000000, 0x0000000770500000, 0x00000007c0000000)
  eden space 65536K, 12% used [0x000000076b000000,0x000000076b7c4978,0x000000076f000000)
  from space 10752K, 0% used [0x000000076fa80000,0x000000076fa80000,0x0000000770500000)
  to   space 10752K, 0% used [0x000000076f000000,0x000000076f000000,0x000000076fa80000)
 ParOldGen       total 175104K, used 0K [0x00000006c1000000, 0x00000006cbb00000, 0x000000076b000000)
  object space 175104K, 0% used [0x00000006c1000000,0x00000006c1000000,0x00000006cbb00000)
 Metaspace       used 4928K, capacity 5042K, committed 5248K, reserved 1056768K
  class space    used 500K, capacity 529K, committed 640K, reserved 1048576K

Card table byte_map: [0x0000000012e70000,0x0000000013670000] byte_map_base: 0x000000000f868000

Marking Bits: (ParMarkBitMap*) 0x00000000659ccf50
 Begin Bits: [0x00000000145c0000, 0x0000000018580000)
 End Bits:   [0x0000000018580000, 0x000000001c540000)

Polling page: 0x0000000001440000

CodeCache: size=245760Kb used=1347Kb max_used=1347Kb free=244412Kb
 bounds [0x0000000003ab0000, 0x0000000003d20000, 0x0000000012ab0000]
 total_blobs=394 nmethods=111 adapters=205
 compilation: enabled

Compilation events (10 events):
Event: 76.686 Thread 0x000000001f007800  107       3       org.eclipse.jdt.launching.internal.org.objectweb.asm.ClassReader::readUTF8 (23 bytes)
Event: 76.686 Thread 0x000000001f007800 nmethod 107 0x0000000003bff3d0 code [0x0000000003bff540, 0x0000000003bff8a8]
Event: 76.686 Thread 0x000000001f007800  110       3       org.eclipse.jdt.launching.internal.org.objectweb.asm.ByteVector::putUTF8 (142 bytes)
Event: 76.687 Thread 0x000000001f007800 nmethod 110 0x0000000003bfc450 code [0x0000000003bfc640, 0x0000000003bfcef8]
Event: 76.687 Thread 0x000000001f007800  108       3       org.eclipse.jdt.launching.internal.org.objectweb.asm.ByteVector::putByte (39 bytes)
Event: 76.687 Thread 0x000000001f007800 nmethod 108 0x0000000003bfeed0 code [0x0000000003bff040, 0x0000000003bff288]
Event: 76.687 Thread 0x000000001f007800  109       3       org.eclipse.jdt.launching.internal.org.objectweb.asm.SymbolTable::put (150 bytes)
Event: 76.687 Thread 0x000000001f007800 nmethod 109 0x0000000003c00a10 code [0x0000000003c00bc0, 0x0000000003c01330]
Event: 101.939 Thread 0x000000001f007800  111       3       org.eclipse.jdt.launching.internal.org.objectweb.asm.ClassReader::readUTF (161 bytes)
Event: 101.939 Thread 0x000000001f007800 nmethod 111 0x0000000003c01790 code [0x0000000003c01920, 0x0000000003c01de8]

GC Heap History (0 events):
No events

Deoptimization events (0 events):
No events

Classes redefined (3 events):
Event: 65.129 Thread 0x000000001d725000 redefined class name=Ïà´ÏûêÍ≤åÏûÑ, count=1
Event: 76.686 Thread 0x000000001d725000 redefined class name=Ïà´ÏûêÍ≤åÏûÑ, count=2
Event: 101.939 Thread 0x000000001d725000 redefined class name=Ïà´ÏûêÍ≤åÏûÑ, count=3

Internal exceptions (2 events):
Event: 0.017 Thread 0x00000000039b3000 Exception <a 'java/lang/NoSuchMethodError': Method sun.misc.Unsafe.defineClass(Ljava/lang/String;[BII)Ljava/lang/Class; name or signature does not match> (0x000000076b007cb0) thrown at [C:\jenkins\workspace\zulu8-silver-build-win64\zulu-src\hotspot\src\sh
Event: 0.017 Thread 0x00000000039b3000 Exception <a 'java/lang/NoSuchMethodError': Method sun.misc.Unsafe.prefetchRead(Ljava/lang/Object;J)V name or signature does not match> (0x000000076b007f98) thrown at [C:\jenkins\workspace\zulu8-silver-build-win64\zulu-src\hotspot\src\share\vm\prims\jni.c

Events (10 events):
Event: 101.945 Executing VM operation: GetCurrentContendedMonitor done
Event: 101.945 Executing VM operation: GetOwnedMonitorInfo
Event: 101.945 Executing VM operation: GetOwnedMonitorInfo done
Event: 101.945 Executing VM operation: GetCurrentContendedMonitor
Event: 101.945 Executing VM operation: GetCurrentContendedMonitor done
Event: 101.945 Executing VM operation: GetCurrentContendedMonitor
Event: 101.945 Executing VM operation: GetCurrentContendedMonitor done
Event: 101.945 Executing VM operation: GetOwnedMonitorInfo
Event: 101.945 Executing VM operation: GetOwnedMonitorInfo done
Event: 102.107 Executing VM operation: GetOrSetLocal


Dynamic libraries:
0x00007ff6f8900000 - 0x00007ff6f8935000 	C:\Program Files\Zulu\zulu-8\bin\javaw.exe
0x00007ff8f8dc0000 - 0x00007ff8f8fa1000 	C:\WINDOWS\SYSTEM32\ntdll.dll
0x00007ff8f8200000 - 0x00007ff8f82b2000 	C:\WINDOWS\System32\KERNEL32.DLL
0x00007ff8f5480000 - 0x00007ff8f56f3000 	C:\WINDOWS\System32\KERNELBASE.dll
0x00007ff8f76c0000 - 0x00007ff8f7761000 	C:\WINDOWS\System32\ADVAPI32.dll
0x00007ff8f8320000 - 0x00007ff8f83be000 	C:\WINDOWS\System32\msvcrt.dll
0x00007ff8f82c0000 - 0x00007ff8f831b000 	C:\WINDOWS\System32\sechost.dll
0x00007ff8f7df0000 - 0x00007ff8f7f14000 	C:\WINDOWS\System32\RPCRT4.dll
0x00007ff8f8970000 - 0x00007ff8f8b00000 	C:\WINDOWS\System32\USER32.dll
0x00007ff8f5f10000 - 0x00007ff8f5f30000 	C:\WINDOWS\System32\win32u.dll
0x00007ff8f8ba0000 - 0x00007ff8f8bc8000 	C:\WINDOWS\System32\GDI32.dll
0x00007ff8f5fe0000 - 0x00007ff8f6172000 	C:\WINDOWS\System32\gdi32full.dll
0x00007ff8f5700000 - 0x00007ff8f579f000 	C:\WINDOWS\System32\msvcp_win.dll
0x00007ff8f5380000 - 0x00007ff8f547a000 	C:\WINDOWS\System32\ucrtbase.dll
0x00007ff8edf60000 - 0x00007ff8ee1c9000 	C:\WINDOWS\WinSxS\amd64_microsoft.windows.common-controls_6595b64144ccf1df_6.0.17134.407_none_fb449d63306391e9\COMCTL32.dll
0x00007ff8f7770000 - 0x00007ff8f7a92000 	C:\WINDOWS\System32\combase.dll
0x00007ff8f6180000 - 0x00007ff8f61fa000 	C:\WINDOWS\System32\bcryptPrimitives.dll
0x00007ff8f7aa0000 - 0x00007ff8f7acd000 	C:\WINDOWS\System32\IMM32.DLL
0x0000000065040000 - 0x0000000065112000 	C:\Program Files\Zulu\zulu-8\jre\bin\msvcr100.dll
0x0000000065200000 - 0x0000000065a4a000 	C:\Program Files\Zulu\zulu-8\jre\bin\server\jvm.dll
0x00007ff8f7fd0000 - 0x00007ff8f7fd8000 	C:\WINDOWS\System32\PSAPI.DLL
0x00007ff8f3270000 - 0x00007ff8f3293000 	C:\WINDOWS\SYSTEM32\WINMM.dll
0x00007ff8ef060000 - 0x00007ff8ef069000 	C:\WINDOWS\SYSTEM32\WSOCK32.dll
0x00007ff8f8d20000 - 0x00007ff8f8d8c000 	C:\WINDOWS\System32\WS2_32.dll
0x00007ff8efe10000 - 0x00007ff8efe1a000 	C:\WINDOWS\SYSTEM32\VERSION.dll
0x00007ff8f2e00000 - 0x00007ff8f2e2a000 	C:\WINDOWS\SYSTEM32\winmmbase.dll
0x00007ff8f6200000 - 0x00007ff8f6249000 	C:\WINDOWS\System32\cfgmgr32.dll
0x00007ff8ed420000 - 0x00007ff8ed42f000 	C:\Program Files\Zulu\zulu-8\jre\bin\verify.dll
0x00007ff8d0c00000 - 0x00007ff8d0c29000 	C:\Program Files\Zulu\zulu-8\jre\bin\java.dll
0x00007ff8e7bd0000 - 0x00007ff8e7c05000 	C:\Program Files\Zulu\zulu-8\jre\bin\jdwp.dll
0x00007ff8f1a90000 - 0x00007ff8f1a98000 	C:\Program Files\Zulu\zulu-8\jre\bin\npt.dll
0x00007ff8ef410000 - 0x00007ff8ef433000 	C:\Program Files\Zulu\zulu-8\jre\bin\instrument.dll
0x00007ff8e7b00000 - 0x00007ff8e7b16000 	C:\Program Files\Zulu\zulu-8\jre\bin\zip.dll
0x00007ff8f6280000 - 0x00007ff8f76bf000 	C:\WINDOWS\System32\SHELL32.dll
0x00007ff8f7f20000 - 0x00007ff8f7fc9000 	C:\WINDOWS\System32\shcore.dll
0x00007ff8f5800000 - 0x00007ff8f5f0d000 	C:\WINDOWS\System32\windows.storage.dll
0x00007ff8f7ae0000 - 0x00007ff8f7b31000 	C:\WINDOWS\System32\shlwapi.dll
0x00007ff8f50e0000 - 0x00007ff8f50f1000 	C:\WINDOWS\System32\kernel.appcore.dll
0x00007ff8f5170000 - 0x00007ff8f518f000 	C:\WINDOWS\System32\profapi.dll
0x00007ff8f5120000 - 0x00007ff8f516c000 	C:\WINDOWS\System32\powrprof.dll
0x00007ff8f50d0000 - 0x00007ff8f50da000 	C:\WINDOWS\System32\FLTLIB.DLL
0x00007ff8ef1f0000 - 0x00007ff8ef1f9000 	C:\Program Files\Zulu\zulu-8\jre\bin\dt_socket.dll
0x00007ff8e16f0000 - 0x00007ff8e1706000 	C:\WINDOWS\system32\napinsp.dll
0x00007ff8e16d0000 - 0x00007ff8e16ea000 	C:\WINDOWS\system32\pnrpnsp.dll
0x00007ff8f1a00000 - 0x00007ff8f1a19000 	C:\WINDOWS\system32\NLAapi.dll
0x00007ff8f4950000 - 0x00007ff8f49b6000 	C:\WINDOWS\System32\mswsock.dll
0x00007ff8f4720000 - 0x00007ff8f47de000 	C:\WINDOWS\SYSTEM32\DNSAPI.dll
0x00007ff8f6270000 - 0x00007ff8f6278000 	C:\WINDOWS\System32\NSI.dll
0x00007ff8f46d0000 - 0x00007ff8f4708000 	C:\WINDOWS\SYSTEM32\IPHLPAPI.DLL
0x00007ff8e4050000 - 0x00007ff8e405e000 	C:\WINDOWS\System32\winrnr.dll
0x00007ff8ee840000 - 0x00007ff8ee8b2000 	C:\WINDOWS\System32\fwpuclnt.dll
0x00007ff8f4c30000 - 0x00007ff8f4c55000 	C:\WINDOWS\SYSTEM32\bcrypt.dll
0x00007ff8eec40000 - 0x00007ff8eec4a000 	C:\Windows\System32\rasadhlp.dll

VM Arguments:
jvm_args: -agentlib:jdwp=transport=dt_socket,suspend=y,address=localhost:63489 -javaagent:C:\ssafy\util\eclipse\configuration\org.eclipse.osgi\418\0\.cp\lib\javaagent-shaded.jar -Dfile.encoding=UTF-8 
java_command: º˝¿⁄∞‘¿”
java_class_path (initial): C:\Program Files\Zulu\zulu-8\jre\lib\resources.jar;C:\Program Files\Zulu\zulu-8\jre\lib\rt.jar;C:\Program Files\Zulu\zulu-8\jre\lib\jsse.jar;C:\Program Files\Zulu\zulu-8\jre\lib\jce.jar;C:\Program Files\Zulu\zulu-8\jre\lib\charsets.jar;C:\Program Files\Zulu\zulu-8\jre\lib\ext\access-bridge-64.jar;C:\Program Files\Zulu\zulu-8\jre\lib\ext\cldrdata.jar;C:\Program Files\Zulu\zulu-8\jre\lib\ext\dnsns.jar;C:\Program Files\Zulu\zulu-8\jre\lib\ext\jaccess.jar;C:\Program Files\Zulu\zulu-8\jre\lib\ext\localedata.jar;C:\Program Files\Zulu\zulu-8\jre\lib\ext\mysql-connector-java-8.0.15.jar;C:\Program Files\Zulu\zulu-8\jre\lib\ext\nashorn.jar;C:\Program Files\Zulu\zulu-8\jre\lib\ext\sunec.jar;C:\Program Files\Zulu\zulu-8\jre\lib\ext\sunjce_provider.jar;C:\Program Files\Zulu\zulu-8\jre\lib\ext\sunmscapi.jar;C:\Program Files\Zulu\zulu-8\jre\lib\ext\sunpkcs11.jar;C:\Program Files\Zulu\zulu-8\jre\lib\ext\zipfs.jar;C:\ssafy\work_me\SWEA\bin;C:\ssafy\util\eclipse\configuration\org.eclipse.osgi\418\0\.cp\lib\javaagent-shaded.jar
Launcher Type: SUN_STANDARD

Environment Variables:
PATH=C:\Program Files\Zulu\zulu-8\jre\bin;C:/Program Files/Zulu/zulu-8/bin/../jre/bin/server;C:/Program Files/Zulu/zulu-8/bin/../jre/bin;C:/Program Files/Zulu/zulu-8/bin/../jre/lib/amd64;C:\Program Files (x86)\Intel\Intel(R) Management Engine Components\iCLS\;C:\Program Files\Intel\Intel(R) Management Engine Components\iCLS\;C:\WINDOWS\system32;C:\WINDOWS;C:\WINDOWS\System32\Wbem;C:\WINDOWS\System32\WindowsPowerShell\v1.0\;C:\Program Files (x86)\Intel\Intel(R) Management Engine Components\DAL;C:\Program Files\Intel\Intel(R) Management Engine Components\DAL;C:\Program Files (x86)\Intel\Intel(R) Management Engine Components\IPT;C:\Program Files\Intel\Intel(R) Management Engine Components\IPT;C:\WINDOWS\System32\OpenSSH\;C:\Program Files\Microsoft SQL Server\130\Tools\Binn\;C:\Program Files\Zulu\zulu-8\bin\;C:\Program Files\Git\cmd;C:\Users\student\AppData\Local\Microsoft\WindowsApps;C:\Users\student\AppData\Local\Programs\Microsoft VS Code\bin;C:\Users\student\AppData\Local\GitHubDesktop\bin;C:\ssafy\util\eclipse;
USERNAME=student
OS=Windows_NT
PROCESSOR_IDENTIFIER=Intel64 Family 6 Model 158 Stepping 10, GenuineIntel



---------------  S Y S T E M  ---------------

OS: Windows 10.0 , 64 bit Build 17134 (10.0.17134.1)

CPU:total 12 (initial active 12) (6 cores per cpu, 2 threads per core) family 6 model 158 stepping 10, cmov, cx8, fxsr, mmx, sse, sse2, sse3, ssse3, sse4.1, sse4.2, popcnt, avx, avx2, aes, clmul, erms, rtm, 3dnowpref, lzcnt, ht, tsc, tscinvbit, bmi1, bmi2, adx

Memory: 4k page, physical 16709632k(12322432k free), swap 19200000k(12730324k free)

vm_info: OpenJDK 64-Bit Server VM (25.192-b01) for windows-amd64 JRE (1.8.0_192-b01), built on Oct 17 2018 09:53:48 by "tester" with MS VC++ 10.0 (VS2010)

time: Wed Oct 16 14:21:06 2019
timezone: ¥Î«—πŒ±π «•¡ÿΩ√
elapsed time: 102 seconds (0d 0h 1m 42s)

